\BOOKMARK [0][-]{chapter.1}{\376\377\0001\000\040\000J\000P\000C\000R\000E\0002}{}% 1
\BOOKMARK [1][-]{section.1.1}{\376\377\0001\000.\0001\000\040\000D\000e\000p\000e\000n\000d\000e\000n\000c\000y}{chapter.1}% 2
\BOOKMARK [1][-]{section.1.2}{\376\377\0001\000.\0002\000\040\000I\000n\000s\000t\000a\000l\000l\000\040\000o\000r\000\040\000I\000n\000c\000l\000u\000d\000e}{chapter.1}% 3
\BOOKMARK [2][-]{subsection.1.2.1}{\376\377\0001\000.\0002\000.\0001\000\040\000U\000s\000e\000\040\000w\000i\000t\000h\000\040\000s\000o\000u\000r\000c\000e\000s}{section.1.2}% 4
\BOOKMARK [2][-]{subsection.1.2.2}{\376\377\0001\000.\0002\000.\0002\000\040\000U\000s\000e\000\040\000a\000s\000\040\000a\000\040\000l\000i\000b\000r\000a\000r\000y}{section.1.2}% 5
\BOOKMARK [1][-]{section.1.3}{\376\377\0001\000.\0003\000\040\000H\000o\000w\000\040\000t\000o\000\040\000c\000o\000d\000e\000\040\000w\000i\000t\000h\000\040\000J\000P\000C\000R\000E\0002}{chapter.1}% 6
\BOOKMARK [2][-]{subsection.1.3.1}{\376\377\0001\000.\0003\000.\0001\000\040\000C\000o\000m\000p\000i\000l\000e\000\040\000a\000\040\000p\000a\000t\000t\000e\000r\000n}{section.1.3}% 7
\BOOKMARK [2][-]{subsection.1.3.2}{\376\377\0001\000.\0003\000.\0002\000\040\000M\000a\000t\000c\000h}{section.1.3}% 8
\BOOKMARK [3][-]{subsubsection.1.3.2.1}{\376\377\0001\000.\0003\000.\0002\000.\0001\000\040\000G\000e\000t\000\040\000m\000a\000t\000c\000h\000\040\000c\000o\000u\000n\000t}{subsection.1.3.2}% 9
\BOOKMARK [3][-]{subsubsection.1.3.2.2}{\376\377\0001\000.\0003\000.\0002\000.\0002\000\040\000G\000e\000t\000\040\000m\000a\000t\000c\000h\000\040\000r\000e\000s\000u\000l\000t}{subsection.1.3.2}% 10
\BOOKMARK [3][-]{subsubsection.1.3.2.3}{\376\377\0001\000.\0003\000.\0002\000.\0003\000\040\000A\000c\000c\000e\000s\000s\000\040\000a\000\040\000s\000u\000b\000s\000t\000r\000i\000n\000g}{subsection.1.3.2}% 11
\BOOKMARK [3][-]{subsubsection.1.3.2.4}{\376\377\0001\000.\0003\000.\0002\000.\0004\000\040\000G\000e\000t\000\040\000n\000a\000m\000e\000d\000\040\000s\000u\000b\000s\000t\000r\000i\000n\000g\000s}{subsection.1.3.2}% 12
\BOOKMARK [3][-]{subsubsection.1.3.2.5}{\376\377\0001\000.\0003\000.\0002\000.\0005\000\040\000A\000c\000c\000e\000s\000i\000n\000g\000\040\000a\000\040\000s\000u\000b\000s\000t\000r\000i\000n\000g\000\040\000b\000y\000\040\000n\000a\000m\000e}{subsection.1.3.2}% 13
\BOOKMARK [3][-]{subsubsection.1.3.2.6}{\376\377\0001\000.\0003\000.\0002\000.\0006\000\040\000G\000e\000t\000\040\000t\000h\000e\000\040\000p\000o\000s\000i\000t\000i\000o\000n\000\040\000o\000f\000\040\000a\000\040\000c\000a\000p\000t\000u\000r\000e\000\040\000g\000r\000o\000u\000p\000\040\000n\000a\000m\000e}{subsection.1.3.2}% 14
\BOOKMARK [3][-]{subsubsection.1.3.2.7}{\376\377\0001\000.\0003\000.\0002\000.\0007\000\040\000I\000t\000e\000r\000a\000t\000e\000\040\000t\000h\000r\000o\000u\000g\000h\000\040\000m\000a\000t\000c\000h\000\040\000r\000e\000s\000u\000l\000t}{subsection.1.3.2}% 15
\BOOKMARK [2][-]{subsection.1.3.3}{\376\377\0001\000.\0003\000.\0003\000\040\000R\000e\000p\000l\000a\000c\000e\000\040\000o\000r\000\040\000S\000u\000b\000s\000t\000i\000t\000u\000t\000e}{section.1.3}% 16
\BOOKMARK [3][-]{subsubsection.1.3.3.1}{\376\377\0001\000.\0003\000.\0003\000.\0001\000\040\000S\000i\000m\000p\000l\000e\000\040\000r\000e\000p\000l\000a\000c\000e\000m\000e\000n\000t}{subsection.1.3.3}% 17
\BOOKMARK [3][-]{subsubsection.1.3.3.2}{\376\377\0001\000.\0003\000.\0003\000.\0002\000\040\000U\000s\000i\000n\000g\000\040\000n\000a\000m\000e\000d\000\040\000p\000a\000r\000a\000m\000e\000t\000e\000r\000\040\000i\000d\000i\000o\000m}{subsection.1.3.3}% 18
\BOOKMARK [1][-]{section.1.4}{\376\377\0001\000.\0004\000\040\000M\000o\000d\000i\000f\000i\000e\000r\000s}{chapter.1}% 19
\BOOKMARK [2][-]{subsection.1.4.1}{\376\377\0001\000.\0004\000.\0001\000\040\000C\000o\000m\000p\000i\000l\000e\000\040\000m\000o\000d\000i\000f\000i\000e\000r\000s}{section.1.4}% 20
\BOOKMARK [2][-]{subsection.1.4.2}{\376\377\0001\000.\0004\000.\0002\000\040\000A\000c\000t\000i\000o\000n\000\040\000m\000o\000d\000i\000f\000i\000e\000r\000s}{section.1.4}% 21
\BOOKMARK [1][-]{section.1.5}{\376\377\0001\000.\0005\000\040\000O\000p\000t\000i\000o\000n\000s}{chapter.1}% 22
\BOOKMARK [2][-]{subsection.1.5.1}{\376\377\0001\000.\0005\000.\0001\000\040\000J\000P\000C\000R\000E\0002\000\040\000o\000p\000t\000i\000o\000n\000s}{section.1.5}% 23
\BOOKMARK [2][-]{subsection.1.5.2}{\376\377\0001\000.\0005\000.\0002\000\040\000P\000C\000R\000E\0002\000\040\000o\000p\000t\000i\000o\000n\000s}{section.1.5}% 24
\BOOKMARK [1][-]{section.1.6}{\376\377\0001\000.\0006\000\040\000S\000h\000o\000r\000t\000\040\000e\000x\000a\000m\000p\000l\000e\000s}{chapter.1}% 25
\BOOKMARK [0][-]{chapter.2}{\376\377\0002\000\040\000N\000a\000m\000e\000s\000p\000a\000c\000e\000\040\000I\000n\000d\000e\000x}{}% 26
\BOOKMARK [1][-]{section.2.1}{\376\377\0002\000.\0001\000\040\000N\000a\000m\000e\000s\000p\000a\000c\000e\000\040\000L\000i\000s\000t}{chapter.2}% 27
\BOOKMARK [0][-]{chapter.3}{\376\377\0003\000\040\000C\000l\000a\000s\000s\000\040\000I\000n\000d\000e\000x}{}% 28
\BOOKMARK [1][-]{section.3.1}{\376\377\0003\000.\0001\000\040\000C\000l\000a\000s\000s\000\040\000L\000i\000s\000t}{chapter.3}% 29
\BOOKMARK [0][-]{chapter.4}{\376\377\0004\000\040\000F\000i\000l\000e\000\040\000I\000n\000d\000e\000x}{}% 30
\BOOKMARK [1][-]{section.4.1}{\376\377\0004\000.\0001\000\040\000F\000i\000l\000e\000\040\000L\000i\000s\000t}{chapter.4}% 31
\BOOKMARK [0][-]{chapter.5}{\376\377\0005\000\040\000N\000a\000m\000e\000s\000p\000a\000c\000e\000\040\000D\000o\000c\000u\000m\000e\000n\000t\000a\000t\000i\000o\000n}{}% 32
\BOOKMARK [1][-]{section.5.1}{\376\377\0005\000.\0001\000\040\000j\000p\000c\000r\000e\0002\000\040\000N\000a\000m\000e\000s\000p\000a\000c\000e\000\040\000R\000e\000f\000e\000r\000e\000n\000c\000e}{chapter.5}% 33
\BOOKMARK [2][-]{subsection.5.1.1}{\376\377\0005\000.\0001\000.\0001\000\040\000D\000e\000t\000a\000i\000l\000e\000d\000\040\000D\000e\000s\000c\000r\000i\000p\000t\000i\000o\000n}{section.5.1}% 34
\BOOKMARK [2][-]{subsection.5.1.2}{\376\377\0005\000.\0001\000.\0002\000\040\000E\000n\000u\000m\000e\000r\000a\000t\000i\000o\000n\000\040\000T\000y\000p\000e\000\040\000D\000o\000c\000u\000m\000e\000n\000t\000a\000t\000i\000o\000n}{section.5.1}% 35
\BOOKMARK [3][-]{subsubsection.5.1.2.1}{\376\377\0005\000.\0001\000.\0002\000.\0001\000\040\000a\000n\000o\000n\000y\000m\000o\000u\000s\000\040\000e\000n\000u\000m}{subsection.5.1.2}% 36
\BOOKMARK [2][-]{subsection.5.1.3}{\376\377\0005\000.\0001\000.\0003\000\040\000V\000a\000r\000i\000a\000b\000l\000e\000\040\000D\000o\000c\000u\000m\000e\000n\000t\000a\000t\000i\000o\000n}{section.5.1}% 37
\BOOKMARK [3][-]{subsubsection.5.1.3.1}{\376\377\0005\000.\0001\000.\0003\000.\0001\000\040\000L\000O\000C\000A\000L\000E\000D\000E\000F\000A\000U\000L\000T}{subsection.5.1.3}% 38
\BOOKMARK [3][-]{subsubsection.5.1.3.2}{\376\377\0005\000.\0001\000.\0003\000.\0002\000\040\000L\000O\000C\000A\000L\000E\000N\000O\000N\000E}{subsection.5.1.3}% 39
\BOOKMARK [3][-]{subsubsection.5.1.3.3}{\376\377\0005\000.\0001\000.\0003\000.\0003\000\040\000S\000U\000B\000S\000T\000I\000T\000U\000T\000E\000R\000E\000S\000U\000L\000T\000I\000N\000I\000T\000S\000I\000Z\000E}{subsection.5.1.3}% 40
\BOOKMARK [1][-]{section.5.2}{\376\377\0005\000.\0002\000\040\000j\000p\000c\000r\000e\0002\000:\000:\000E\000R\000R\000O\000R\000\040\000N\000a\000m\000e\000s\000p\000a\000c\000e\000\040\000R\000e\000f\000e\000r\000e\000n\000c\000e}{chapter.5}% 41
\BOOKMARK [2][-]{subsection.5.2.1}{\376\377\0005\000.\0002\000.\0001\000\040\000D\000e\000t\000a\000i\000l\000e\000d\000\040\000D\000e\000s\000c\000r\000i\000p\000t\000i\000o\000n}{section.5.2}% 42
\BOOKMARK [2][-]{subsection.5.2.2}{\376\377\0005\000.\0002\000.\0002\000\040\000E\000n\000u\000m\000e\000r\000a\000t\000i\000o\000n\000\040\000T\000y\000p\000e\000\040\000D\000o\000c\000u\000m\000e\000n\000t\000a\000t\000i\000o\000n}{section.5.2}% 43
\BOOKMARK [3][-]{subsubsection.5.2.2.1}{\376\377\0005\000.\0002\000.\0002\000.\0001\000\040\000a\000n\000o\000n\000y\000m\000o\000u\000s\000\040\000e\000n\000u\000m}{subsection.5.2.2}% 44
\BOOKMARK [1][-]{section.5.3}{\376\377\0005\000.\0003\000\040\000j\000p\000c\000r\000e\0002\000:\000:\000u\000t\000i\000l\000s\000\040\000N\000a\000m\000e\000s\000p\000a\000c\000e\000\040\000R\000e\000f\000e\000r\000e\000n\000c\000e}{chapter.5}% 45
\BOOKMARK [2][-]{subsection.5.3.1}{\376\377\0005\000.\0003\000.\0001\000\040\000D\000e\000t\000a\000i\000l\000e\000d\000\040\000D\000e\000s\000c\000r\000i\000p\000t\000i\000o\000n}{section.5.3}% 46
\BOOKMARK [0][-]{chapter.6}{\376\377\0006\000\040\000C\000l\000a\000s\000s\000\040\000D\000o\000c\000u\000m\000e\000n\000t\000a\000t\000i\000o\000n}{}% 47
\BOOKMARK [1][-]{section.6.1}{\376\377\0006\000.\0001\000\040\000j\000p\000c\000r\000e\0002\000:\000:\000R\000e\000g\000e\000x\000\040\000C\000l\000a\000s\000s\000\040\000R\000e\000f\000e\000r\000e\000n\000c\000e}{chapter.6}% 48
\BOOKMARK [2][-]{subsection.6.1.1}{\376\377\0006\000.\0001\000.\0001\000\040\000D\000e\000t\000a\000i\000l\000e\000d\000\040\000D\000e\000s\000c\000r\000i\000p\000t\000i\000o\000n}{section.6.1}% 49
\BOOKMARK [2][-]{subsection.6.1.2}{\376\377\0006\000.\0001\000.\0002\000\040\000C\000o\000n\000s\000t\000r\000u\000c\000t\000o\000r\000\040\000\046\000\040\000D\000e\000s\000t\000r\000u\000c\000t\000o\000r\000\040\000D\000o\000c\000u\000m\000e\000n\000t\000a\000t\000i\000o\000n}{section.6.1}% 50
\BOOKMARK [3][-]{subsubsection.6.1.2.1}{\376\377\0006\000.\0001\000.\0002\000.\0001\000\040\000R\000e\000g\000e\000x\000\050\000\051}{subsection.6.1.2}% 51
\BOOKMARK [3][-]{subsubsection.6.1.2.2}{\376\377\0006\000.\0001\000.\0002\000.\0002\000\040\000R\000e\000g\000e\000x\000\050\000c\000o\000n\000s\000t\000\040\000S\000t\000r\000i\000n\000g\000\040\000r\000e\000\051}{subsection.6.1.2}% 52
\BOOKMARK [3][-]{subsubsection.6.1.2.3}{\376\377\0006\000.\0001\000.\0002\000.\0003\000\040\000R\000e\000g\000e\000x\000\050\000c\000o\000n\000s\000t\000\040\000S\000t\000r\000i\000n\000g\000\040\000r\000e\000,\000\040\000c\000o\000n\000s\000t\000\040\000S\000t\000r\000i\000n\000g\000\040\000m\000o\000d\000\051}{subsection.6.1.2}% 53
\BOOKMARK [3][-]{subsubsection.6.1.2.4}{\376\377\0006\000.\0001\000.\0002\000.\0004\000\040\000R\000e\000g\000e\000x\000\050\000c\000o\000n\000s\000t\000\040\000S\000t\000r\000i\000n\000g\000\040\000r\000e\000,\000\040\000U\000i\000n\000t\000\040\000p\000c\000r\000e\0002\000o\000p\000t\000s\000\051}{subsection.6.1.2}% 54
\BOOKMARK [3][-]{subsubsection.6.1.2.5}{\376\377\0006\000.\0001\000.\0002\000.\0005\000\040\000R\000e\000g\000e\000x\000\050\000c\000o\000n\000s\000t\000\040\000S\000t\000r\000i\000n\000g\000\040\000r\000e\000,\000\040\000U\000i\000n\000t\000\040\000p\000c\000r\000e\0002\000o\000p\000t\000s\000,\000\040\000U\000i\000n\000t\000\040\000o\000p\000t\000b\000i\000t\000s\000\051}{subsection.6.1.2}% 55
\BOOKMARK [3][-]{subsubsection.6.1.2.6}{\376\377\0006\000.\0001\000.\0002\000.\0006\000\040\000R\000e\000g\000e\000x\000\050\000c\000o\000n\000s\000t\000\040\000R\000e\000g\000e\000x\000\040\000r\000\051}{subsection.6.1.2}% 56
\BOOKMARK [2][-]{subsection.6.1.3}{\376\377\0006\000.\0001\000.\0003\000\040\000M\000e\000m\000b\000e\000r\000\040\000F\000u\000n\000c\000t\000i\000o\000n\000\040\000D\000o\000c\000u\000m\000e\000n\000t\000a\000t\000i\000o\000n}{section.6.1}% 57
\BOOKMARK [3][-]{subsubsection.6.1.3.1}{\376\377\0006\000.\0001\000.\0003\000.\0001\000\040\000a\000d\000d\000J\000p\000c\000r\000e\0002\000O\000p\000t\000i\000o\000n\000\050\000U\000i\000n\000t\000\040\000x\000\051}{subsection.6.1.3}% 58
\BOOKMARK [3][-]{subsubsection.6.1.3.2}{\376\377\0006\000.\0001\000.\0003\000.\0002\000\040\000a\000d\000d\000P\000c\000r\000e\0002\000O\000p\000t\000i\000o\000n\000\050\000U\000i\000n\000t\000\040\000x\000\051}{subsection.6.1.3}% 59
\BOOKMARK [3][-]{subsubsection.6.1.3.3}{\376\377\0006\000.\0001\000.\0003\000.\0003\000\040\000c\000o\000m\000p\000i\000l\000e\000\050\000v\000o\000i\000d\000\051}{subsection.6.1.3}% 60
\BOOKMARK [3][-]{subsubsection.6.1.3.4}{\376\377\0006\000.\0001\000.\0003\000.\0004\000\040\000c\000o\000m\000p\000i\000l\000e\000\050\000c\000o\000n\000s\000t\000\040\000S\000t\000r\000i\000n\000g\000\040\000r\000e\000,\000\040\000U\000i\000n\000t\000\040\000p\000o\000,\000\040\000U\000i\000n\000t\000\040\000j\000o\000\051}{subsection.6.1.3}% 61
\BOOKMARK [3][-]{subsubsection.6.1.3.5}{\376\377\0006\000.\0001\000.\0003\000.\0005\000\040\000c\000o\000m\000p\000i\000l\000e\000\050\000c\000o\000n\000s\000t\000\040\000S\000t\000r\000i\000n\000g\000\040\000r\000e\000,\000\040\000U\000i\000n\000t\000\040\000p\000o\000\051}{subsection.6.1.3}% 62
\BOOKMARK [3][-]{subsubsection.6.1.3.6}{\376\377\0006\000.\0001\000.\0003\000.\0006\000\040\000c\000o\000m\000p\000i\000l\000e\000\050\000c\000o\000n\000s\000t\000\040\000S\000t\000r\000i\000n\000g\000\040\000r\000e\000,\000\040\000c\000o\000n\000s\000t\000\040\000S\000t\000r\000i\000n\000g\000\040\000m\000o\000d\000\051}{subsection.6.1.3}% 63
\BOOKMARK [3][-]{subsubsection.6.1.3.7}{\376\377\0006\000.\0001\000.\0003\000.\0007\000\040\000c\000o\000m\000p\000i\000l\000e\000\050\000c\000o\000n\000s\000t\000\040\000S\000t\000r\000i\000n\000g\000\040\000r\000e\000\051}{subsection.6.1.3}% 64
\BOOKMARK [3][-]{subsubsection.6.1.3.8}{\376\377\0006\000.\0001\000.\0003\000.\0008\000\040\000g\000e\000t\000E\000r\000r\000o\000r\000M\000e\000s\000s\000a\000g\000e\000\050\000i\000n\000t\000\040\000e\000r\000r\000n\000u\000m\000,\000\040\000P\000C\000R\000E\0002\000S\000I\000Z\000E\000\040\000e\000r\000r\000o\000f\000f\000\051}{subsection.6.1.3}% 65
\BOOKMARK [3][-]{subsubsection.6.1.3.9}{\376\377\0006\000.\0001\000.\0003\000.\0009\000\040\000g\000e\000t\000E\000r\000r\000o\000r\000M\000e\000s\000s\000a\000g\000e\000\050\000i\000n\000t\000\040\000e\000r\000r\000n\000u\000m\000\051}{subsection.6.1.3}% 66
\BOOKMARK [3][-]{subsubsection.6.1.3.10}{\376\377\0006\000.\0001\000.\0003\000.\0001\0000\000\040\000g\000e\000t\000E\000r\000r\000o\000r\000M\000e\000s\000s\000a\000g\000e\000\050\000\051}{subsection.6.1.3}% 67
\BOOKMARK [3][-]{subsubsection.6.1.3.11}{\376\377\0006\000.\0001\000.\0003\000.\0001\0001\000\040\000g\000e\000t\000J\000p\000c\000r\000e\0002\000O\000p\000t\000i\000o\000n\000\050\000\051}{subsection.6.1.3}% 68
\BOOKMARK [3][-]{subsubsection.6.1.3.12}{\376\377\0006\000.\0001\000.\0003\000.\0001\0002\000\040\000g\000e\000t\000L\000o\000c\000a\000l\000e\000\050\000\051}{subsection.6.1.3}% 69
\BOOKMARK [3][-]{subsubsection.6.1.3.13}{\376\377\0006\000.\0001\000.\0003\000.\0001\0003\000\040\000g\000e\000t\000M\000o\000d\000i\000f\000i\000e\000r\000\050\000\051}{subsection.6.1.3}% 70
\BOOKMARK [3][-]{subsubsection.6.1.3.14}{\376\377\0006\000.\0001\000.\0003\000.\0001\0004\000\040\000g\000e\000t\000P\000a\000t\000t\000e\000r\000n\000\050\000\051}{subsection.6.1.3}% 71
\BOOKMARK [3][-]{subsubsection.6.1.3.15}{\376\377\0006\000.\0001\000.\0003\000.\0001\0005\000\040\000g\000e\000t\000P\000c\000r\000e\0002\000O\000p\000t\000i\000o\000n\000\050\000\051}{subsection.6.1.3}% 72
\BOOKMARK [3][-]{subsubsection.6.1.3.16}{\376\377\0006\000.\0001\000.\0003\000.\0001\0006\000\040\000g\000e\000t\000W\000a\000r\000n\000i\000n\000g\000M\000e\000s\000s\000a\000g\000e\000\050\000\051}{subsection.6.1.3}% 73
\BOOKMARK [3][-]{subsubsection.6.1.3.17}{\376\377\0006\000.\0001\000.\0003\000.\0001\0007\000\040\000i\000n\000i\000t\000\050\000\051}{subsection.6.1.3}% 74
\BOOKMARK [3][-]{subsubsection.6.1.3.18}{\376\377\0006\000.\0001\000.\0003\000.\0001\0008\000\040\000i\000n\000i\000t\000\050\000c\000o\000n\000s\000t\000\040\000S\000t\000r\000i\000n\000g\000\040\000r\000e\000,\000\040\000c\000o\000n\000s\000t\000\040\000S\000t\000r\000i\000n\000g\000\040\000m\000o\000d\000\051}{subsection.6.1.3}% 75
\BOOKMARK [3][-]{subsubsection.6.1.3.19}{\376\377\0006\000.\0001\000.\0003\000.\0001\0009\000\040\000i\000n\000i\000t\000\050\000c\000o\000n\000s\000t\000\040\000S\000t\000r\000i\000n\000g\000\040\000r\000e\000,\000\040\000U\000i\000n\000t\000\040\000p\000o\000,\000\040\000U\000i\000n\000t\000\040\000j\000o\000\051}{subsection.6.1.3}% 76
\BOOKMARK [3][-]{subsubsection.6.1.3.20}{\376\377\0006\000.\0001\000.\0003\000.\0002\0000\000\040\000i\000n\000i\000t\000M\000a\000t\000c\000h\000\050\000\051}{subsection.6.1.3}% 77
\BOOKMARK [3][-]{subsubsection.6.1.3.21}{\376\377\0006\000.\0001\000.\0003\000.\0002\0001\000\040\000i\000n\000i\000t\000R\000e\000p\000l\000a\000c\000e\000\050\000\051}{subsection.6.1.3}% 78
\BOOKMARK [3][-]{subsubsection.6.1.3.22}{\376\377\0006\000.\0001\000.\0003\000.\0002\0002\000\040\000m\000a\000t\000c\000h\000\050\000c\000o\000n\000s\000t\000\040\000S\000t\000r\000i\000n\000g\000\040\000s\000,\000\040\000c\000o\000n\000s\000t\000\040\000S\000t\000r\000i\000n\000g\000\040\000m\000o\000d\000\051}{subsection.6.1.3}% 79
\BOOKMARK [3][-]{subsubsection.6.1.3.23}{\376\377\0006\000.\0001\000.\0003\000.\0002\0003\000\040\000m\000a\000t\000c\000h\000\050\000c\000o\000n\000s\000t\000\040\000S\000t\000r\000i\000n\000g\000\040\000s\000\051}{subsection.6.1.3}% 80
\BOOKMARK [3][-]{subsubsection.6.1.3.24}{\376\377\0006\000.\0001\000.\0003\000.\0002\0004\000\040\000o\000p\000e\000r\000a\000t\000o\000r\000=\000\050\000c\000o\000n\000s\000t\000\040\000R\000e\000g\000e\000x\000\040\000r\000\051}{subsection.6.1.3}% 81
\BOOKMARK [3][-]{subsubsection.6.1.3.25}{\376\377\0006\000.\0001\000.\0003\000.\0002\0005\000\040\000p\000a\000r\000s\000e\000C\000o\000m\000p\000i\000l\000e\000O\000p\000t\000s\000\050\000v\000o\000i\000d\000\051}{subsection.6.1.3}% 82
\BOOKMARK [3][-]{subsubsection.6.1.3.26}{\376\377\0006\000.\0001\000.\0003\000.\0002\0006\000\040\000r\000e\000m\000o\000v\000e\000J\000p\000c\000r\000e\0002\000O\000p\000t\000i\000o\000n\000\050\000U\000i\000n\000t\000\040\000x\000\051}{subsection.6.1.3}% 83
\BOOKMARK [3][-]{subsubsection.6.1.3.27}{\376\377\0006\000.\0001\000.\0003\000.\0002\0007\000\040\000r\000e\000m\000o\000v\000e\000P\000c\000r\000e\0002\000O\000p\000t\000i\000o\000n\000\050\000U\000i\000n\000t\000\040\000x\000\051}{subsection.6.1.3}% 84
\BOOKMARK [3][-]{subsubsection.6.1.3.28}{\376\377\0006\000.\0001\000.\0003\000.\0002\0008\000\040\000r\000e\000p\000l\000a\000c\000e\000\050\000c\000o\000n\000s\000t\000\040\000S\000t\000r\000i\000n\000g\000\040\000m\000a\000i\000n\000s\000,\000\040\000c\000o\000n\000s\000t\000\040\000S\000t\000r\000i\000n\000g\000\040\000r\000e\000p\000l\000,\000\040\000c\000o\000n\000s\000t\000\040\000S\000t\000r\000i\000n\000g\000\040\000m\000o\000d\000\051}{subsection.6.1.3}% 85
\BOOKMARK [3][-]{subsubsection.6.1.3.29}{\376\377\0006\000.\0001\000.\0003\000.\0002\0009\000\040\000r\000e\000p\000l\000a\000c\000e\000\050\000c\000o\000n\000s\000t\000\040\000S\000t\000r\000i\000n\000g\000\040\000m\000a\000i\000n\000s\000,\000\040\000c\000o\000n\000s\000t\000\040\000S\000t\000r\000i\000n\000g\000\040\000r\000e\000p\000l\000\051}{subsection.6.1.3}% 86
\BOOKMARK [3][-]{subsubsection.6.1.3.30}{\376\377\0006\000.\0001\000.\0003\000.\0003\0000\000\040\000r\000e\000s\000e\000t\000\050\000\051}{subsection.6.1.3}% 87
\BOOKMARK [3][-]{subsubsection.6.1.3.31}{\376\377\0006\000.\0001\000.\0003\000.\0003\0001\000\040\000s\000e\000t\000J\000p\000c\000r\000e\0002\000O\000p\000t\000i\000o\000n\000\050\000U\000i\000n\000t\000\040\000x\000\051}{subsection.6.1.3}% 88
\BOOKMARK [3][-]{subsubsection.6.1.3.32}{\376\377\0006\000.\0001\000.\0003\000.\0003\0002\000\040\000s\000e\000t\000L\000o\000c\000a\000l\000e\000\050\000c\000o\000n\000s\000t\000\040\000S\000t\000r\000i\000n\000g\000\040\000x\000\051}{subsection.6.1.3}% 89
\BOOKMARK [3][-]{subsubsection.6.1.3.33}{\376\377\0006\000.\0001\000.\0003\000.\0003\0003\000\040\000s\000e\000t\000M\000o\000d\000i\000f\000i\000e\000r\000\050\000c\000o\000n\000s\000t\000\040\000S\000t\000r\000i\000n\000g\000\040\000x\000\051}{subsection.6.1.3}% 90
\BOOKMARK [3][-]{subsubsection.6.1.3.34}{\376\377\0006\000.\0001\000.\0003\000.\0003\0004\000\040\000s\000e\000t\000P\000a\000t\000t\000e\000r\000n\000\050\000c\000o\000n\000s\000t\000\040\000S\000t\000r\000i\000n\000g\000\040\000r\000e\000\051}{subsection.6.1.3}% 91
\BOOKMARK [3][-]{subsubsection.6.1.3.35}{\376\377\0006\000.\0001\000.\0003\000.\0003\0005\000\040\000s\000e\000t\000P\000c\000r\000e\0002\000O\000p\000t\000i\000o\000n\000\050\000U\000i\000n\000t\000\040\000x\000\051}{subsection.6.1.3}% 92
\BOOKMARK [1][-]{section.6.2}{\376\377\0006\000.\0002\000\040\000j\000p\000c\000r\000e\0002\000:\000:\000R\000e\000g\000e\000x\000M\000a\000t\000c\000h\000\040\000C\000l\000a\000s\000s\000\040\000R\000e\000f\000e\000r\000e\000n\000c\000e}{chapter.6}% 93
\BOOKMARK [2][-]{subsection.6.2.1}{\376\377\0006\000.\0002\000.\0001\000\040\000D\000e\000t\000a\000i\000l\000e\000d\000\040\000D\000e\000s\000c\000r\000i\000p\000t\000i\000o\000n}{section.6.2}% 94
\BOOKMARK [2][-]{subsection.6.2.2}{\376\377\0006\000.\0002\000.\0002\000\040\000C\000o\000n\000s\000t\000r\000u\000c\000t\000o\000r\000\040\000\046\000\040\000D\000e\000s\000t\000r\000u\000c\000t\000o\000r\000\040\000D\000o\000c\000u\000m\000e\000n\000t\000a\000t\000i\000o\000n}{section.6.2}% 95
\BOOKMARK [3][-]{subsubsection.6.2.2.1}{\376\377\0006\000.\0002\000.\0002\000.\0001\000\040\000R\000e\000g\000e\000x\000M\000a\000t\000c\000h\000\050\000\051}{subsection.6.2.2}% 96
\BOOKMARK [3][-]{subsubsection.6.2.2.2}{\376\377\0006\000.\0002\000.\0002\000.\0002\000\040\000R\000e\000g\000e\000x\000M\000a\000t\000c\000h\000\050\000c\000o\000n\000s\000t\000\040\000R\000e\000g\000e\000x\000M\000a\000t\000c\000h\000\040\000\051}{subsection.6.2.2}% 97
\BOOKMARK [3][-]{subsubsection.6.2.2.3}{\376\377\0006\000.\0002\000.\0002\000.\0003\000\040\000\040\000R\000e\000g\000e\000x\000M\000a\000t\000c\000h\000\050\000\051}{subsection.6.2.2}% 98
\BOOKMARK [2][-]{subsection.6.2.3}{\376\377\0006\000.\0002\000.\0003\000\040\000M\000e\000m\000b\000e\000r\000\040\000F\000u\000n\000c\000t\000i\000o\000n\000\040\000D\000o\000c\000u\000m\000e\000n\000t\000a\000t\000i\000o\000n}{section.6.2}% 99
\BOOKMARK [3][-]{subsubsection.6.2.3.1}{\376\377\0006\000.\0002\000.\0003\000.\0001\000\040\000a\000d\000d\000J\000p\000c\000r\000e\0002\000O\000p\000t\000i\000o\000n\000\050\000U\000i\000n\000t\000\040\000x\000\051}{subsection.6.2.3}% 100
\BOOKMARK [3][-]{subsubsection.6.2.3.2}{\376\377\0006\000.\0002\000.\0003\000.\0002\000\040\000a\000d\000d\000P\000c\000r\000e\0002\000O\000p\000t\000i\000o\000n\000\050\000U\000i\000n\000t\000\040\000x\000\051}{subsection.6.2.3}% 101
\BOOKMARK [3][-]{subsubsection.6.2.3.3}{\376\377\0006\000.\0002\000.\0003\000.\0003\000\040\000m\000a\000t\000c\000h\000\050\000v\000o\000i\000d\000\051}{subsection.6.2.3}% 102
\BOOKMARK [3][-]{subsubsection.6.2.3.4}{\376\377\0006\000.\0002\000.\0003\000.\0004\000\040\000p\000a\000r\000s\000e\000M\000a\000t\000c\000h\000O\000p\000t\000s\000\050\000v\000o\000i\000d\000\051}{subsection.6.2.3}% 103
\BOOKMARK [3][-]{subsubsection.6.2.3.5}{\376\377\0006\000.\0002\000.\0003\000.\0005\000\040\000r\000e\000m\000o\000v\000e\000J\000p\000c\000r\000e\0002\000O\000p\000t\000i\000o\000n\000\050\000U\000i\000n\000t\000\040\000x\000\051}{subsection.6.2.3}% 104
\BOOKMARK [3][-]{subsubsection.6.2.3.6}{\376\377\0006\000.\0002\000.\0003\000.\0006\000\040\000r\000e\000m\000o\000v\000e\000P\000c\000r\000e\0002\000O\000p\000t\000i\000o\000n\000\050\000U\000i\000n\000t\000\040\000x\000\051}{subsection.6.2.3}% 105
\BOOKMARK [3][-]{subsubsection.6.2.3.7}{\376\377\0006\000.\0002\000.\0003\000.\0007\000\040\000s\000e\000t\000F\000i\000n\000d\000A\000l\000l\000\050\000b\000o\000o\000l\000\040\000x\000=\000t\000r\000u\000e\000\051}{subsection.6.2.3}% 106
\BOOKMARK [3][-]{subsubsection.6.2.3.8}{\376\377\0006\000.\0002\000.\0003\000.\0008\000\040\000s\000e\000t\000J\000p\000c\000r\000e\0002\000O\000p\000t\000i\000o\000n\000\050\000U\000i\000n\000t\000\040\000x\000\051}{subsection.6.2.3}% 107
\BOOKMARK [3][-]{subsubsection.6.2.3.9}{\376\377\0006\000.\0002\000.\0003\000.\0009\000\040\000s\000e\000t\000M\000o\000d\000i\000f\000i\000e\000r\000\050\000c\000o\000n\000s\000t\000\040\000S\000t\000r\000i\000n\000g\000\040\000s\000\051}{subsection.6.2.3}% 108
\BOOKMARK [3][-]{subsubsection.6.2.3.10}{\376\377\0006\000.\0002\000.\0003\000.\0001\0000\000\040\000s\000e\000t\000N\000a\000m\000e\000d\000S\000u\000b\000s\000t\000r\000i\000n\000g\000V\000e\000c\000t\000o\000r\000\050\000V\000e\000c\000N\000a\000s\000\040\000*\000v\000\051}{subsection.6.2.3}% 109
\BOOKMARK [3][-]{subsubsection.6.2.3.11}{\376\377\0006\000.\0002\000.\0003\000.\0001\0001\000\040\000s\000e\000t\000N\000a\000m\000e\000T\000o\000N\000u\000m\000b\000e\000r\000M\000a\000p\000V\000e\000c\000t\000o\000r\000\050\000V\000e\000c\000N\000t\000N\000\040\000*\000v\000\051}{subsection.6.2.3}% 110
\BOOKMARK [3][-]{subsubsection.6.2.3.12}{\376\377\0006\000.\0002\000.\0003\000.\0001\0002\000\040\000s\000e\000t\000N\000u\000m\000b\000e\000r\000e\000d\000S\000u\000b\000s\000t\000r\000i\000n\000g\000V\000e\000c\000t\000o\000r\000\050\000V\000e\000c\000N\000u\000m\000\040\000*\000v\000\051}{subsection.6.2.3}% 111
\BOOKMARK [3][-]{subsubsection.6.2.3.13}{\376\377\0006\000.\0002\000.\0003\000.\0001\0003\000\040\000s\000e\000t\000P\000c\000r\000e\0002\000O\000p\000t\000i\000o\000n\000\050\000U\000i\000n\000t\000\040\000x\000\051}{subsection.6.2.3}% 112
\BOOKMARK [3][-]{subsubsection.6.2.3.14}{\376\377\0006\000.\0002\000.\0003\000.\0001\0004\000\040\000s\000e\000t\000S\000u\000b\000j\000e\000c\000t\000\050\000c\000o\000n\000s\000t\000\040\000S\000t\000r\000i\000n\000g\000\040\000s\000\051}{subsection.6.2.3}% 113
\BOOKMARK [1][-]{section.6.3}{\376\377\0006\000.\0003\000\040\000j\000p\000c\000r\000e\0002\000:\000:\000R\000e\000g\000e\000x\000R\000e\000p\000l\000a\000c\000e\000\040\000C\000l\000a\000s\000s\000\040\000R\000e\000f\000e\000r\000e\000n\000c\000e}{chapter.6}% 114
\BOOKMARK [2][-]{subsection.6.3.1}{\376\377\0006\000.\0003\000.\0001\000\040\000D\000e\000t\000a\000i\000l\000e\000d\000\040\000D\000e\000s\000c\000r\000i\000p\000t\000i\000o\000n}{section.6.3}% 115
\BOOKMARK [2][-]{subsection.6.3.2}{\376\377\0006\000.\0003\000.\0002\000\040\000C\000o\000n\000s\000t\000r\000u\000c\000t\000o\000r\000\040\000\046\000\040\000D\000e\000s\000t\000r\000u\000c\000t\000o\000r\000\040\000D\000o\000c\000u\000m\000e\000n\000t\000a\000t\000i\000o\000n}{section.6.3}% 116
\BOOKMARK [3][-]{subsubsection.6.3.2.1}{\376\377\0006\000.\0003\000.\0002\000.\0001\000\040\000R\000e\000g\000e\000x\000R\000e\000p\000l\000a\000c\000e\000\050\000\051}{subsection.6.3.2}% 117
\BOOKMARK [3][-]{subsubsection.6.3.2.2}{\376\377\0006\000.\0003\000.\0002\000.\0002\000\040\000R\000e\000g\000e\000x\000R\000e\000p\000l\000a\000c\000e\000\050\000c\000o\000n\000s\000t\000\040\000R\000e\000g\000e\000x\000R\000e\000p\000l\000a\000c\000e\000\040\000\051}{subsection.6.3.2}% 118
\BOOKMARK [3][-]{subsubsection.6.3.2.3}{\376\377\0006\000.\0003\000.\0002\000.\0003\000\040\000\040\000R\000e\000g\000e\000x\000R\000e\000p\000l\000a\000c\000e\000\050\000\051}{subsection.6.3.2}% 119
\BOOKMARK [2][-]{subsection.6.3.3}{\376\377\0006\000.\0003\000.\0003\000\040\000M\000e\000m\000b\000e\000r\000\040\000F\000u\000n\000c\000t\000i\000o\000n\000\040\000D\000o\000c\000u\000m\000e\000n\000t\000a\000t\000i\000o\000n}{section.6.3}% 120
\BOOKMARK [3][-]{subsubsection.6.3.3.1}{\376\377\0006\000.\0003\000.\0003\000.\0001\000\040\000a\000d\000d\000J\000p\000c\000r\000e\0002\000O\000p\000t\000i\000o\000n\000\050\000U\000i\000n\000t\000\040\000x\000\051}{subsection.6.3.3}% 121
\BOOKMARK [3][-]{subsubsection.6.3.3.2}{\376\377\0006\000.\0003\000.\0003\000.\0002\000\040\000a\000d\000d\000P\000c\000r\000e\0002\000O\000p\000t\000i\000o\000n\000\050\000U\000i\000n\000t\000\040\000x\000\051}{subsection.6.3.3}% 122
\BOOKMARK [3][-]{subsubsection.6.3.3.3}{\376\377\0006\000.\0003\000.\0003\000.\0003\000\040\000p\000a\000r\000s\000e\000R\000e\000p\000l\000a\000c\000e\000m\000e\000n\000t\000O\000p\000t\000s\000\050\000v\000o\000i\000d\000\051}{subsection.6.3.3}% 123
\BOOKMARK [3][-]{subsubsection.6.3.3.4}{\376\377\0006\000.\0003\000.\0003\000.\0004\000\040\000r\000e\000m\000o\000v\000e\000J\000p\000c\000r\000e\0002\000O\000p\000t\000i\000o\000n\000\050\000U\000i\000n\000t\000\040\000x\000\051}{subsection.6.3.3}% 124
\BOOKMARK [3][-]{subsubsection.6.3.3.5}{\376\377\0006\000.\0003\000.\0003\000.\0005\000\040\000r\000e\000m\000o\000v\000e\000P\000c\000r\000e\0002\000O\000p\000t\000i\000o\000n\000\050\000U\000i\000n\000t\000\040\000x\000\051}{subsection.6.3.3}% 125
\BOOKMARK [3][-]{subsubsection.6.3.3.6}{\376\377\0006\000.\0003\000.\0003\000.\0006\000\040\000r\000e\000p\000l\000a\000c\000e\000\050\000v\000o\000i\000d\000\051}{subsection.6.3.3}% 126
\BOOKMARK [3][-]{subsubsection.6.3.3.7}{\376\377\0006\000.\0003\000.\0003\000.\0007\000\040\000s\000e\000t\000B\000u\000f\000f\000e\000r\000S\000i\000z\000e\000\050\000P\000C\000R\000E\0002\000S\000I\000Z\000E\000\040\000x\000\051}{subsection.6.3.3}% 127
\BOOKMARK [3][-]{subsubsection.6.3.3.8}{\376\377\0006\000.\0003\000.\0003\000.\0008\000\040\000s\000e\000t\000J\000p\000c\000r\000e\0002\000O\000p\000t\000i\000o\000n\000\050\000U\000i\000n\000t\000\040\000x\000\051}{subsection.6.3.3}% 128
\BOOKMARK [3][-]{subsubsection.6.3.3.9}{\376\377\0006\000.\0003\000.\0003\000.\0009\000\040\000s\000e\000t\000M\000o\000d\000i\000f\000i\000e\000r\000\050\000c\000o\000n\000s\000t\000\040\000S\000t\000r\000i\000n\000g\000\040\000s\000\051}{subsection.6.3.3}% 129
\BOOKMARK [3][-]{subsubsection.6.3.3.10}{\376\377\0006\000.\0003\000.\0003\000.\0001\0000\000\040\000s\000e\000t\000P\000c\000r\000e\0002\000O\000p\000t\000i\000o\000n\000\050\000U\000i\000n\000t\000\040\000x\000\051}{subsection.6.3.3}% 130
\BOOKMARK [3][-]{subsubsection.6.3.3.11}{\376\377\0006\000.\0003\000.\0003\000.\0001\0001\000\040\000s\000e\000t\000R\000e\000p\000l\000a\000c\000e\000W\000i\000t\000h\000\050\000c\000o\000n\000s\000t\000\040\000S\000t\000r\000i\000n\000g\000\040\000s\000\051}{subsection.6.3.3}% 131
\BOOKMARK [3][-]{subsubsection.6.3.3.12}{\376\377\0006\000.\0003\000.\0003\000.\0001\0002\000\040\000s\000e\000t\000S\000u\000b\000j\000e\000c\000t\000\050\000c\000o\000n\000s\000t\000\040\000S\000t\000r\000i\000n\000g\000\040\000s\000\051}{subsection.6.3.3}% 132
\BOOKMARK [0][-]{chapter.7}{\376\377\0007\000\040\000F\000i\000l\000e\000\040\000D\000o\000c\000u\000m\000e\000n\000t\000a\000t\000i\000o\000n}{}% 133
\BOOKMARK [1][-]{section.7.1}{\376\377\0007\000.\0001\000\040\000j\000p\000c\000r\000e\0002\000.\000h\000p\000p\000\040\000F\000i\000l\000e\000\040\000R\000e\000f\000e\000r\000e\000n\000c\000e}{chapter.7}% 134
\BOOKMARK [2][-]{subsection.7.1.1}{\376\377\0007\000.\0001\000.\0001\000\040\000D\000e\000t\000a\000i\000l\000e\000d\000\040\000D\000e\000s\000c\000r\000i\000p\000t\000i\000o\000n}{section.7.1}% 135
\BOOKMARK [1][-]{section.7.2}{\376\377\0007\000.\0002\000\040\000t\000e\000s\000t\000\137\000m\000a\000t\000c\000h\000.\000c\000p\000p\000\040\000F\000i\000l\000e\000\040\000R\000e\000f\000e\000r\000e\000n\000c\000e}{chapter.7}% 136
\BOOKMARK [2][-]{subsection.7.2.1}{\376\377\0007\000.\0002\000.\0001\000\040\000D\000e\000t\000a\000i\000l\000e\000d\000\040\000D\000e\000s\000c\000r\000i\000p\000t\000i\000o\000n}{section.7.2}% 137
\BOOKMARK [1][-]{section.7.3}{\376\377\0007\000.\0003\000\040\000t\000e\000s\000t\000\137\000m\000a\000t\000c\000h\0002\000.\000c\000p\000p\000\040\000F\000i\000l\000e\000\040\000R\000e\000f\000e\000r\000e\000n\000c\000e}{chapter.7}% 138
\BOOKMARK [2][-]{subsection.7.3.1}{\376\377\0007\000.\0003\000.\0001\000\040\000D\000e\000t\000a\000i\000l\000e\000d\000\040\000D\000e\000s\000c\000r\000i\000p\000t\000i\000o\000n}{section.7.3}% 139
\BOOKMARK [1][-]{section.7.4}{\376\377\0007\000.\0004\000\040\000t\000e\000s\000t\000\137\000r\000e\000p\000l\000a\000c\000e\000.\000c\000p\000p\000\040\000F\000i\000l\000e\000\040\000R\000e\000f\000e\000r\000e\000n\000c\000e}{chapter.7}% 140
\BOOKMARK [2][-]{subsection.7.4.1}{\376\377\0007\000.\0004\000.\0001\000\040\000D\000e\000t\000a\000i\000l\000e\000d\000\040\000D\000e\000s\000c\000r\000i\000p\000t\000i\000o\000n}{section.7.4}% 141
\BOOKMARK [1][-]{section.7.5}{\376\377\0007\000.\0005\000\040\000t\000e\000s\000t\000\137\000r\000e\000p\000l\000a\000c\000e\0002\000.\000c\000p\000p\000\040\000F\000i\000l\000e\000\040\000R\000e\000f\000e\000r\000e\000n\000c\000e}{chapter.7}% 142
\BOOKMARK [2][-]{subsection.7.5.1}{\376\377\0007\000.\0005\000.\0001\000\040\000D\000e\000t\000a\000i\000l\000e\000d\000\040\000D\000e\000s\000c\000r\000i\000p\000t\000i\000o\000n}{section.7.5}% 143
\BOOKMARK [1][-]{section.7.6}{\376\377\0007\000.\0006\000\040\000t\000e\000s\000t\000\137\000s\000h\000o\000r\000t\000s\000.\000c\000p\000p\000\040\000F\000i\000l\000e\000\040\000R\000e\000f\000e\000r\000e\000n\000c\000e}{chapter.7}% 144
\BOOKMARK [2][-]{subsection.7.6.1}{\376\377\0007\000.\0006\000.\0001\000\040\000D\000e\000t\000a\000i\000l\000e\000d\000\040\000D\000e\000s\000c\000r\000i\000p\000t\000i\000o\000n}{section.7.6}% 145
